<?xml version="1.0" encoding="UTF-8"?>
<!-- Generated by org.testng.reporters.JUnitXMLReporter -->
<testsuite hostname="XX0902000250" name="Test" tests="3" failures="0" timestamp="27 Apr 2018 20:40:38 GMT" time="117.002" errors="0">
  <testcase name="Test_01" time="60.486" classname="executionEngine.NewTest"/>
  <testcase name="testLogic" time="27.218" classname="executionEngine.NewTest"/>
  <testcase name="testLogic" time="28.476" classname="executionEngine.NewTest"/>
</testsuite> <!-- Test -->
